<?xml version="1.0" encoding="UTF-8"?>
<testng-results ignored="0" total="1" passed="1" failed="0" skipped="0">
  <reporter-output>
  </reporter-output>
  <suite started-at="2022-01-30T20:53:26 VET" name="Suite" finished-at="2022-01-30T20:53:54 VET" duration-ms="27769">
    <groups>
    </groups>
    <test started-at="2022-01-30T20:53:26 VET" name="Test" finished-at="2022-01-30T20:53:54 VET" duration-ms="27769">
      <class name="test.RegisterForm">
        <test-method is-config="true" signature="setUp()[pri:0, instance:test.RegisterForm@316bcf94]" started-at="2022-01-30T20:53:26 VET" name="setUp" finished-at="2022-01-30T20:53:29 VET" duration-ms="2588" status="PASS">
          <reporter-output>
          </reporter-output>
        </test-method> <!-- setUp -->
        <test-method signature="testUntitledTestCase()[pri:0, instance:test.RegisterForm@316bcf94]" started-at="2022-01-30T20:53:29 VET" name="testUntitledTestCase" finished-at="2022-01-30T20:53:54 VET" duration-ms="24887" status="PASS">
          <reporter-output>
          </reporter-output>
        </test-method> <!-- testUntitledTestCase -->
        <test-method is-config="true" signature="tearDown()[pri:0, instance:test.RegisterForm@316bcf94]" started-at="2022-01-30T20:53:54 VET" name="tearDown" finished-at="2022-01-30T20:53:54 VET" duration-ms="232" status="PASS">
          <reporter-output>
          </reporter-output>
        </test-method> <!-- tearDown -->
      </class> <!-- test.RegisterForm -->
    </test> <!-- Test -->
  </suite> <!-- Suite -->
</testng-results>
